Application/build/outputs/logs/manifest-merger-debug-report.txt
-- Merging decision tree log ---
manifest
ADDED from src/main/AndroidManifest.xml:2:1-53:12
INJECTED from src/main/AndroidManifest.xml:2:1-53:12
INJECTED from src/main/AndroidManifest.xml:2:1-53:12
MERGED from [com.android.support:support-v13:27.0.2] AndroidManifest.xml:17:1-22:12
MERGED from [com.jjoe64:graphview:4.2.1] AndroidManifest.xml:2:1-14:12
MERGED from [com.android.support:support-v4:27.0.2] AndroidManifest.xml:17:1-22:12
MERGED from [com.android.support:cardview-v7:27.0.2] AndroidManifest.xml:17:1-22:12
MERGED from [com.android.support:appcompat-v7:27.0.2] AndroidManifest.xml:17:1-22:12
MERGED from [com.android.support:support-fragment:27.0.2] AndroidManifest.xml:17:1-22:12
MERGED from [com.android.support:support-core-utils:27.0.2] AndroidManifest.xml:17:1-22:12
MERGED from [com.android.support:animated-vector-drawable:27.0.2] AndroidManifest.xml:17:1-22:12
MERGED from [com.android.support:support-vector-drawable:27.0.2] AndroidManifest.xml:17:1-22:12
MERGED from [com.android.support:support-core-ui:27.0.2] AndroidManifest.xml:17:1-22:12
MERGED from [com.android.support:support-media-compat:27.0.2] AndroidManifest.xml:17:1-22:12
MERGED from [com.android.support:support-compat:27.0.2] AndroidManifest.xml:17:1-22:12
MERGED from [android.arch.lifecycle:runtime:1.0.3] AndroidManifest.xml:17:1-24:12
INJECTED from src/main/AndroidManifest.xml:2:1-53:12
INJECTED from src/main/AndroidManifest.xml:2:1-53:12
	package
		ADDED from src/main/AndroidManifest.xml:3:5-50
	android:versionName
		ADDED from src/main/AndroidManifest.xml:5:5-30
		INJECTED from src/main/AndroidManifest.xml
		INJECTED from src/main/AndroidManifest.xml
	xmlns:android
		ADDED from src/main/AndroidManifest.xml:2:11-69
	android:versionCode
		ADDED from src/main/AndroidManifest.xml:4:5-28
		INJECTED from src/main/AndroidManifest.xml
		INJECTED from src/main/AndroidManifest.xml
uses-feature#android.hardware.bluetooth_le
ADDED from src/main/AndroidManifest.xml:16:5-18:35
	android:required
		ADDED from src/main/AndroidManifest.xml:18:9-32
	android:name
		ADDED from src/main/AndroidManifest.xml:17:9-53
uses-permission#android.permission.BLUETOOTH
ADDED from src/main/AndroidManifest.xml:20:5-68
	android:name
		ADDED from src/main/AndroidManifest.xml:20:22-65
uses-permission#android.permission.BLUETOOTH_ADMIN
ADDED from src/main/AndroidManifest.xml:21:5-74
	android:name
		ADDED from src/main/AndroidManifest.xml:21:22-71
uses-permission#android.permission.ACCESS_FINE_LOCATION
ADDED from src/main/AndroidManifest.xml:22:5-79
	android:name
		ADDED from src/main/AndroidManifest.xml:22:22-76
uses-permission#android.permission.ACCESS_COARSE_LOCATION
ADDED from src/main/AndroidManifest.xml:23:5-81
	android:name
		ADDED from src/main/AndroidManifest.xml:23:22-78
uses-permission#android.permission.GET_ACCOUNTS
ADDED from src/main/AndroidManifest.xml:26:5-71
	android:name
		ADDED from src/main/AndroidManifest.xml:26:22-68
uses-permission#android.permission.READ_PROFILE
ADDED from src/main/AndroidManifest.xml:27:5-71
	android:name
		ADDED from src/main/AndroidManifest.xml:27:22-68
uses-permission#android.permission.READ_CONTACTS
ADDED from src/main/AndroidManifest.xml:28:5-72
	android:name
		ADDED from src/main/AndroidManifest.xml:28:22-69
application
ADDED from src/main/AndroidManifest.xml:30:5-51:19
MERGED from [com.jjoe64:graphview:4.2.1] AndroidManifest.xml:11:5-12:19
MERGED from [com.jjoe64:graphview:4.2.1] AndroidManifest.xml:11:5-12:19
	android:label
		ADDED from src/main/AndroidManifest.xml:32:9-41
	android:icon
		ADDED from src/main/AndroidManifest.xml:31:9-45
	android:theme
		ADDED from src/main/AndroidManifest.xml:33:9-56
activity#com.example.android.bluetoothlegatt.DeviceScanActivity
ADDED from src/main/AndroidManifest.xml:34:9-42:20
	android:label
		ADDED from src/main/AndroidManifest.xml:36:13-45
	android:name
		ADDED from src/main/AndroidManifest.xml:35:13-47
intent-filter#action:name:android.intent.action.MAIN+category:name:android.intent.category.LAUNCHER
ADDED from src/main/AndroidManifest.xml:37:13-41:29
action#android.intent.action.MAIN
ADDED from src/main/AndroidManifest.xml:38:17-69
	android:name
		ADDED from src/main/AndroidManifest.xml:38:25-66
category#android.intent.category.LAUNCHER
ADDED from src/main/AndroidManifest.xml:40:17-77
	android:name
		ADDED from src/main/AndroidManifest.xml:40:27-74
activity#com.example.android.bluetoothlegatt.DeviceControlActivity
ADDED from src/main/AndroidManifest.xml:43:9-59
	android:name
		ADDED from src/main/AndroidManifest.xml:43:19-56
activity#com.example.android.bluetoothlegatt.UserActivity
ADDED from src/main/AndroidManifest.xml:44:9-50
	android:name
		ADDED from src/main/AndroidManifest.xml:44:19-47
activity#com.example.android.bluetoothlegatt.UserAddActivity
ADDED from src/main/AndroidManifest.xml:45:9-53
	android:name
		ADDED from src/main/AndroidManifest.xml:45:19-50
service#com.example.android.bluetoothlegatt.BluetoothLeService
ADDED from src/main/AndroidManifest.xml:47:9-49:38
	android:enabled
		ADDED from src/main/AndroidManifest.xml:49:13-35
	android:name
		ADDED from src/main/AndroidManifest.xml:48:13-47
uses-sdk
INJECTED from src/main/AndroidManifest.xml reason: use-sdk injection requested
INJECTED from src/main/AndroidManifest.xml
INJECTED from src/main/AndroidManifest.xml
MERGED from [com.android.support:support-v13:27.0.2] AndroidManifest.xml:20:5-44
MERGED from [com.android.support:support-v13:27.0.2] AndroidManifest.xml:20:5-44
MERGED from [com.jjoe64:graphview:4.2.1] AndroidManifest.xml:7:5-9:41
MERGED from [com.jjoe64:graphview:4.2.1] AndroidManifest.xml:7:5-9:41
MERGED from [com.android.support:support-v4:27.0.2] AndroidManifest.xml:20:5-44
MERGED from [com.android.support:support-v4:27.0.2] AndroidManifest.xml:20:5-44
MERGED from [com.android.support:cardview-v7:27.0.2] AndroidManifest.xml:20:5-44
MERGED from [com.android.support:cardview-v7:27.0.2] AndroidManifest.xml:20:5-44
MERGED from [com.android.support:appcompat-v7:27.0.2] AndroidManifest.xml:20:5-44
MERGED from [com.android.support:appcompat-v7:27.0.2] AndroidManifest.xml:20:5-44
MERGED from [com.android.support:support-fragment:27.0.2] AndroidManifest.xml:20:5-44
MERGED from [com.android.support:support-fragment:27.0.2] AndroidManifest.xml:20:5-44
MERGED from [com.android.support:support-core-utils:27.0.2] AndroidManifest.xml:20:5-44
MERGED from [com.android.support:support-core-utils:27.0.2] AndroidManifest.xml:20:5-44
MERGED from [com.android.support:animated-vector-drawable:27.0.2] AndroidManifest.xml:20:5-44
MERGED from [com.android.support:animated-vector-drawable:27.0.2] AndroidManifest.xml:20:5-44
MERGED from [com.android.support:support-vector-drawable:27.0.2] AndroidManifest.xml:20:5-44
MERGED from [com.android.support:support-vector-drawable:27.0.2] AndroidManifest.xml:20:5-44
MERGED from [com.android.support:support-core-ui:27.0.2] AndroidManifest.xml:20:5-44
MERGED from [com.android.support:support-core-ui:27.0.2] AndroidManifest.xml:20:5-44
MERGED from [com.android.support:support-media-compat:27.0.2] AndroidManifest.xml:20:5-44
MERGED from [com.android.support:support-media-compat:27.0.2] AndroidManifest.xml:20:5-44
MERGED from [com.android.support:support-compat:27.0.2] AndroidManifest.xml:20:5-44
MERGED from [com.android.support:support-compat:27.0.2] AndroidManifest.xml:20:5-44
MERGED from [android.arch.lifecycle:runtime:1.0.3] AndroidManifest.xml:20:5-22:41
MERGED from [android.arch.lifecycle:runtime:1.0.3] AndroidManifest.xml:20:5-22:41
INJECTED from src/main/AndroidManifest.xml
INJECTED from src/main/AndroidManifest.xml
	android:targetSdkVersion
		INJECTED from src/main/AndroidManifest.xml
		ADDED from src/main/AndroidManifest.xml
		INJECTED from src/main/AndroidManifest.xml
	android:minSdkVersion
		INJECTED from src/main/AndroidManifest.xml
		ADDED from src/main/AndroidManifest.xml
		INJECTED from src/main/AndroidManifest.xml